  tugas modularization.cpp
D:\vsc\tugas modularization\tugas modularization\tugas modularization.cpp(1,1): error C2059: syntax error: 'constant'
D:\vsc\tugas modularization\tugas modularization\tugas modularization.cpp(1,17): error C2015: too many characters in constant
D:\vsc\tugas modularization\tugas modularization\tugas modularization.cpp(1,43): error C2143: syntax error: missing ')' before ';'
D:\vsc\tugas modularization\tugas modularization\tugas modularization.cpp(2,10): error C4430: missing type specifier - int assumed. Note: C++ does not support default-int
D:\vsc\tugas modularization\tugas modularization\tugas modularization.cpp(2,1): error C2146: syntax error: missing ';' before identifier 'gdfllgvfd'
D:\vsc\tugas modularization\tugas modularization\tugas modularization.cpp(2,13): error C2001: newline in constant
D:\vsc\tugas modularization\tugas modularization\tugas modularization.cpp(2,13): error C2143: syntax error: missing ';' before 'constant'
D:\vsc\tugas modularization\tugas modularization\tugas modularization.cpp(2,13): error C4430: missing type specifier - int assumed. Note: C++ does not support default-int
D:\vsc\tugas modularization\tugas modularization\tugas modularization.cpp(2,13): error C2059: syntax error: 'constant'
D:\vsc\tugas modularization\tugas modularization\tugas modularization.cpp(4,6): error C4430: missing type specifier - int assumed. Note: C++ does not support default-int
D:\vsc\tugas modularization\tugas modularization\tugas modularization.cpp(5,5): error C4430: missing type specifier - int assumed. Note: C++ does not support default-int
D:\vsc\tugas modularization\tugas modularization\tugas modularization.cpp(5,1): error C2146: syntax error: missing ';' before identifier 'dfhv'
D:\vsc\tugas modularization\tugas modularization\tugas modularization.cpp(5,10): error C4430: missing type specifier - int assumed. Note: C++ does not support default-int
D:\vsc\tugas modularization\tugas modularization\tugas modularization.cpp(6,8): error C2137: empty character constant
D:\vsc\tugas modularization\tugas modularization\tugas modularization.cpp(6,8): error C4430: missing type specifier - int assumed. Note: C++ does not support default-int
D:\vsc\tugas modularization\tugas modularization\tugas modularization.cpp(6,7): error C2146: syntax error: missing ';' before identifier 'v'
D:\vsc\tugas modularization\tugas modularization\tugas modularization.cpp(7,13): error C4430: missing type specifier - int assumed. Note: C++ does not support default-int
D:\vsc\tugas modularization\tugas modularization\tugas modularization.cpp(8,6): error C4430: missing type specifier - int assumed. Note: C++ does not support default-int
D:\vsc\tugas modularization\tugas modularization\tugas modularization.cpp(8,9): error C4430: missing type specifier - int assumed. Note: C++ does not support default-int
D:\vsc\tugas modularization\tugas modularization\tugas modularization.cpp(8,8): error C2086: 'int v': redefinition
D:\vsc\tugas modularization\tugas modularization\tugas modularization.cpp(4,8): message : see declaration of 'v'
D:\vsc\tugas modularization\tugas modularization\tugas modularization.cpp(8,11): error C2001: newline in constant
D:\vsc\tugas modularization\tugas modularization\tugas modularization.cpp(8,11): error C2137: empty character constant
D:\vsc\tugas modularization\tugas modularization\tugas modularization.cpp(8,11): error C2059: syntax error: 'constant'
D:\vsc\tugas modularization\tugas modularization\tugas modularization.cpp(9,13): error C4430: missing type specifier - int assumed. Note: C++ does not support default-int
D:\vsc\tugas modularization\tugas modularization\tugas modularization.cpp(9,11): error C2146: syntax error: missing ';' before identifier 'v'
D:\vsc\tugas modularization\tugas modularization\tugas modularization.cpp(9,17): error C2001: newline in constant
D:\vsc\tugas modularization\tugas modularization\tugas modularization.cpp(11,12): error C4430: missing type specifier - int assumed. Note: C++ does not support default-int
D:\vsc\tugas modularization\tugas modularization\tugas modularization.cpp(11,7): error C2146: syntax error: missing ';' before identifier 'djnv'
D:\vsc\tugas modularization\tugas modularization\tugas modularization.cpp(12,9): error C2143: syntax error: missing ';' before '/'
D:\vsc\tugas modularization\tugas modularization\tugas modularization.cpp(12,9): error C4430: missing type specifier - int assumed. Note: C++ does not support default-int
D:\vsc\tugas modularization\tugas modularization\tugas modularization.cpp(12,9): error C2059: syntax error: '/'
